<?xml version="1.0" encoding="utf-8"?><testsuites name="pytest tests"><testsuite name="pytest" errors="0" failures="0" skipped="0" tests="26" time="26.777" timestamp="2026-09-22T17:31:57.055969+00:00" hostname="agent-env-bce644cb-4b56-4ac2-8dd3-3b10762d3c06"><testcase classname="tests.test_api_e2e" name="test_health" time="0.329" /><testcase classname="tests.test_api_e2e" name="test_profiles" time="0.081" /><testcase classname="tests.test_api_e2e" name="test_full_purge_pipeline[rrhh-rrhh]" time="1.005" /><testcase classname="tests.test_api_e2e" name="test_full_purge_pipeline[legal-legal]" time="1.759" /><testcase classname="tests.test_deskew_pipeline" name="test_straight_page_not_deskewed" time="2.683" /><testcase classname="tests.test_deskew_pipeline" name="test_skewed_plus_2_degrees" time="1.309" /><testcase classname="tests.test_api_e2e" name="test_full_purge_pipeline[soporte-soporte]" time="0.857" /><testcase classname="tests.test_deskew_pipeline" name="test_skewed_minus_5_degrees" time="1.468" /><testcase classname="tests.test_api_e2e" name="test_upload_unsupported_extension" time="0.072" /><testcase classname="tests.test_api_e2e" name="test_unknown_document_matches" time="0.079" /><testcase classname="tests.test_api_e2e" name="test_unknown_fixture" time="0.145" /><testcase classname="tests.test_deskew_pipeline" name="test_skewed_plus_12_degrees" time="1.474" /><testcase classname="tests.test_ocr_pipeline" name="test_scanned_pdf_has_no_native_text" time="1.675" /><testcase classname="tests.test_ocr_pipeline" name="test_scanned_pdf_ocr_detection_and_coordinates" time="1.540" /><testcase classname="tests.test_deskew_pipeline" name="test_rotated_90_plus_skew" time="1.542" /><testcase classname="tests.test_ocr_pipeline" name="test_scanned_pdf_physical_purge_and_ocr_reverification" time="6.798" /><testcase classname="tests.test_deskew_pipeline" name="test_multipage_with_distinct_angles" time="4.760" /><testcase classname="tests.test_deskew_pipeline" name="test_low_confidence_unskewable_page" time="0.981" /><testcase classname="tests.test_deskew_pipeline" name="test_exact_coordinate_forward_and_inverse_mapping" time="0.004" /><testcase classname="tests.test_deskew_pipeline" name="test_deskew_purge_and_post_ocr_reverification" time="4.051" /><testcase classname="tests.test_ocr_pipeline" name="test_rotated_scanned_pdf_ocr_and_purge" time="3.677" /><testcase classname="tests.test_deskew_pipeline" name="test_entities_near_borders_with_skew" time="3.823" /><testcase classname="tests.test_redaction_pipeline" name="test_health_and_profiles" time="1.695" /><testcase classname="tests.test_redaction_pipeline" name="test_pdf_extraction_detection_purge_and_verification" time="0.039" /><testcase classname="tests.test_redaction_pipeline" name="test_docx_extraction_detection_purge_and_verification" time="0.102" /><testcase classname="tests.test_deskew_pipeline" name="test_ocr_quality_comparison_with_and_without_deskew" time="2.337" /></testsuite></testsuites>