<?xml version="1.0" encoding="utf-8"?><testsuites name="pytest tests"><testsuite name="pytest" errors="0" failures="0" skipped="0" tests="11" time="7.680" timestamp="2026-09-22T13:55:04.843324+00:00" hostname="agent-env-bce644cb-4b56-4ac2-8dd3-3b10762d3c06"><testcase classname="tests.test_api_e2e" name="test_health" time="0.256" /><testcase classname="tests.test_redaction_pipeline" name="test_health_and_profiles" time="0.049" /><testcase classname="tests.test_redaction_pipeline" name="test_pdf_extraction_detection_purge_and_verification" time="0.058" /><testcase classname="tests.test_redaction_pipeline" name="test_docx_extraction_detection_purge_and_verification" time="0.080" /><testcase classname="tests.test_api_e2e" name="test_profiles" time="0.071" /><testcase classname="tests.test_api_e2e" name="test_full_purge_pipeline[rrhh-rrhh]" time="1.106" /><testcase classname="tests.test_api_e2e" name="test_full_purge_pipeline[legal-legal]" time="1.837" /><testcase classname="tests.test_api_e2e" name="test_full_purge_pipeline[soporte-soporte]" time="0.928" /><testcase classname="tests.test_api_e2e" name="test_upload_unsupported_extension" time="0.073" /><testcase classname="tests.test_api_e2e" name="test_unknown_document_matches" time="0.078" /><testcase classname="tests.test_api_e2e" name="test_unknown_fixture" time="0.156" /></testsuite></testsuites>