<?xml version="1.0" encoding="utf-8"?><testsuites name="pytest tests"><testsuite name="pytest" errors="0" failures="0" skipped="0" tests="15" time="16.580" timestamp="2026-09-22T17:04:38.467543+00:00" hostname="agent-env-bce644cb-4b56-4ac2-8dd3-3b10762d3c06"><testcase classname="tests.test_api_e2e" name="test_health" time="0.215" /><testcase classname="tests.test_api_e2e" name="test_profiles" time="0.063" /><testcase classname="tests.test_ocr_pipeline" name="test_scanned_pdf_has_no_native_text" time="0.239" /><testcase classname="tests.test_ocr_pipeline" name="test_scanned_pdf_ocr_detection_and_coordinates" time="1.782" /><testcase classname="tests.test_api_e2e" name="test_full_purge_pipeline[rrhh-rrhh]" time="0.947" /><testcase classname="tests.test_api_e2e" name="test_full_purge_pipeline[legal-legal]" time="3.407" /><testcase classname="tests.test_ocr_pipeline" name="test_scanned_pdf_physical_purge_and_ocr_reverification" time="7.795" /><testcase classname="tests.test_api_e2e" name="test_full_purge_pipeline[soporte-soporte]" time="0.916" /><testcase classname="tests.test_api_e2e" name="test_upload_unsupported_extension" time="0.065" /><testcase classname="tests.test_api_e2e" name="test_unknown_document_matches" time="0.070" /><testcase classname="tests.test_api_e2e" name="test_unknown_fixture" time="0.143" /><testcase classname="tests.test_ocr_pipeline" name="test_rotated_scanned_pdf_ocr_and_purge" time="2.852" /><testcase classname="tests.test_redaction_pipeline" name="test_health_and_profiles" time="0.190" /><testcase classname="tests.test_redaction_pipeline" name="test_pdf_extraction_detection_purge_and_verification" time="0.038" /><testcase classname="tests.test_redaction_pipeline" name="test_docx_extraction_detection_purge_and_verification" time="0.061" /></testsuite></testsuites>