<?xml version="1.0" encoding="utf-8"?><testsuites name="pytest tests"><testsuite name="pytest" errors="0" failures="0" skipped="0" tests="34" time="52.945" timestamp="2026-09-22T18:18:25.495289+00:00" hostname="agent-env-bce644cb-4b56-4ac2-8dd3-3b10762d3c06"><testcase classname="tests.test_api_e2e" name="test_health" time="0.314" /><testcase classname="tests.test_api_e2e" name="test_profiles" time="0.076" /><testcase classname="tests.test_api_e2e" name="test_full_purge_pipeline[rrhh-rrhh]" time="0.987" /><testcase classname="tests.test_api_e2e" name="test_full_purge_pipeline[legal-legal]" time="1.799" /><testcase classname="tests.test_deskew_pipeline" name="test_straight_page_not_deskewed" time="2.671" /><testcase classname="tests.test_deskew_pipeline" name="test_skewed_plus_2_degrees" time="1.381" /><testcase classname="tests.test_api_e2e" name="test_full_purge_pipeline[soporte-soporte]" time="0.898" /><testcase classname="tests.test_deskew_pipeline" name="test_skewed_minus_5_degrees" time="1.470" /><testcase classname="tests.test_api_e2e" name="test_upload_unsupported_extension" time="0.073" /><testcase classname="tests.test_api_e2e" name="test_unknown_document_matches" time="0.073" /><testcase classname="tests.test_api_e2e" name="test_unknown_fixture" time="0.150" /><testcase classname="tests.test_deskew_pipeline" name="test_skewed_plus_12_degrees" time="1.450" /><testcase classname="tests.test_ocr_pipeline" name="test_scanned_pdf_has_no_native_text" time="1.669" /><testcase classname="tests.test_ocr_pipeline" name="test_scanned_pdf_ocr_detection_and_coordinates" time="1.511" /><testcase classname="tests.test_deskew_pipeline" name="test_rotated_90_plus_skew" time="1.580" /><testcase classname="tests.test_ocr_pipeline" name="test_scanned_pdf_physical_purge_and_ocr_reverification" time="7.228" /><testcase classname="tests.test_deskew_pipeline" name="test_multipage_with_distinct_angles" time="4.400" /><testcase classname="tests.test_deskew_pipeline" name="test_low_confidence_unskewable_page" time="0.919" /><testcase classname="tests.test_deskew_pipeline" name="test_exact_coordinate_forward_and_inverse_mapping" time="0.004" /><testcase classname="tests.test_deskew_pipeline" name="test_deskew_purge_and_post_ocr_reverification" time="3.874" /><testcase classname="tests.test_ocr_pipeline" name="test_rotated_scanned_pdf_ocr_and_purge" time="4.123" /><testcase classname="tests.test_deskew_pipeline" name="test_entities_near_borders_with_skew" time="3.947" /><testcase classname="tests.test_redaction_pipeline" name="test_health_and_profiles" time="1.595" /><testcase classname="tests.test_redaction_pipeline" name="test_pdf_extraction_detection_purge_and_verification" time="0.052" /><testcase classname="tests.test_redaction_pipeline" name="test_docx_extraction_detection_purge_and_verification" time="0.067" /><testcase classname="tests.test_deskew_pipeline" name="test_ocr_quality_comparison_with_and_without_deskew" time="2.537" /><testcase classname="tests.security.test_docx_package_recovery" name="test_docx_deep_ooxml_package_recovery" time="1.564" /><testcase classname="tests.security.test_end_to_end_coordinate_accuracy" name="test_adversarial_coordinate_accuracy_and_iou" time="20.503" /><testcase classname="tests.security.test_temp_cleanup" name="test_ephemeral_session_temp_cleanup" time="0.074" /><testcase classname="tests.security.test_temp_cleanup" name="test_expired_sessions_automatic_cleanup" time="0.000" /><testcase classname="tests.security.test_sensitive_log_leakage" name="test_sensitive_log_and_audit_leakage" time="0.318" /><testcase classname="tests.security.test_verifier_normalization" name="test_verifier_resists_adversarial_formatting_and_normalization_tricks" time="1.576" /><testcase classname="tests.security.test_pdf_adversarial_recovery" name="test_multi_engine_pdf_adversarial_recovery" time="1.481" /><testcase classname="tests.security.test_raster_image_recovery" name="test_raster_image_recovery_and_pixel_destruction" time="6.448" /></testsuite></testsuites>