<?xml version="1.0" encoding="utf-8"?><testsuites name="pytest tests"><testsuite name="pytest" errors="0" failures="0" skipped="0" tests="42" time="53.371" timestamp="2026-09-22T18:57:59.740443+00:00" hostname="agent-env-bce644cb-4b56-4ac2-8dd3-3b10762d3c06"><testcase classname="tests.test_api_e2e" name="test_health" time="0.283" /><testcase classname="tests.test_api_e2e" name="test_profiles" time="0.068" /><testcase classname="tests.test_api_e2e" name="test_full_purge_pipeline[rrhh-rrhh]" time="0.934" /><testcase classname="tests.test_api_e2e" name="test_full_purge_pipeline[legal-legal]" time="1.813" /><testcase classname="tests.test_deskew_pipeline" name="test_straight_page_not_deskewed" time="2.695" /><testcase classname="tests.test_deskew_pipeline" name="test_skewed_plus_2_degrees" time="1.317" /><testcase classname="tests.test_api_e2e" name="test_full_purge_pipeline[soporte-soporte]" time="0.802" /><testcase classname="tests.test_api_e2e" name="test_upload_unsupported_extension" time="0.067" /><testcase classname="tests.test_api_e2e" name="test_unknown_document_matches" time="0.068" /><testcase classname="tests.test_deskew_pipeline" name="test_skewed_minus_5_degrees" time="1.482" /><testcase classname="tests.test_api_e2e" name="test_unknown_fixture" time="0.173" /><testcase classname="tests.test_custom_rules" name="test_custom_rule_creation_and_defaults" time="0.000" /><testcase classname="tests.test_custom_rules" name="test_custom_ruleset_deterministic_hash" time="0.000" /><testcase classname="tests.test_custom_rules" name="test_regex_validator_valid_and_invalid" time="0.001" /><testcase classname="tests.test_custom_rules" name="test_regex_validator_redos_protection" time="0.000" /><testcase classname="tests.test_custom_rules" name="test_regex_pattern_length_limit" time="0.000" /><testcase classname="tests.test_custom_rules" name="test_regex_test_bench_matching" time="0.000" /><testcase classname="tests.test_custom_rules" name="test_custom_rule_detection_integration_and_priority" time="0.010" /><testcase classname="tests.test_custom_rules" name="test_custom_rule_overlapping_with_ner" time="0.004" /><testcase classname="tests.test_deskew_pipeline" name="test_skewed_plus_12_degrees" time="1.462" /><testcase classname="tests.test_ocr_pipeline" name="test_scanned_pdf_has_no_native_text" time="1.690" /><testcase classname="tests.test_ocr_pipeline" name="test_scanned_pdf_ocr_detection_and_coordinates" time="1.510" /><testcase classname="tests.test_deskew_pipeline" name="test_rotated_90_plus_skew" time="1.573" /><testcase classname="tests.test_ocr_pipeline" name="test_scanned_pdf_physical_purge_and_ocr_reverification" time="7.146" /><testcase classname="tests.test_deskew_pipeline" name="test_multipage_with_distinct_angles" time="4.391" /><testcase classname="tests.test_deskew_pipeline" name="test_low_confidence_unskewable_page" time="0.900" /><testcase classname="tests.test_deskew_pipeline" name="test_exact_coordinate_forward_and_inverse_mapping" time="0.004" /><testcase classname="tests.test_deskew_pipeline" name="test_deskew_purge_and_post_ocr_reverification" time="3.858" /><testcase classname="tests.test_ocr_pipeline" name="test_rotated_scanned_pdf_ocr_and_purge" time="4.096" /><testcase classname="tests.test_deskew_pipeline" name="test_entities_near_borders_with_skew" time="4.009" /><testcase classname="tests.test_redaction_pipeline" name="test_health_and_profiles" time="1.601" /><testcase classname="tests.test_redaction_pipeline" name="test_pdf_extraction_detection_purge_and_verification" time="0.053" /><testcase classname="tests.test_redaction_pipeline" name="test_docx_extraction_detection_purge_and_verification" time="0.067" /><testcase classname="tests.test_deskew_pipeline" name="test_ocr_quality_comparison_with_and_without_deskew" time="2.608" /><testcase classname="tests.security.test_docx_package_recovery" name="test_docx_deep_ooxml_package_recovery" time="1.566" /><testcase classname="tests.security.test_end_to_end_coordinate_accuracy" name="test_adversarial_coordinate_accuracy_and_iou" time="20.615" /><testcase classname="tests.security.test_temp_cleanup" name="test_ephemeral_session_temp_cleanup" time="0.044" /><testcase classname="tests.security.test_temp_cleanup" name="test_expired_sessions_automatic_cleanup" time="0.000" /><testcase classname="tests.security.test_sensitive_log_leakage" name="test_sensitive_log_and_audit_leakage" time="0.323" /><testcase classname="tests.security.test_verifier_normalization" name="test_verifier_resists_adversarial_formatting_and_normalization_tricks" time="1.597" /><testcase classname="tests.security.test_pdf_adversarial_recovery" name="test_multi_engine_pdf_adversarial_recovery" time="1.673" /><testcase classname="tests.security.test_raster_image_recovery" name="test_raster_image_recovery_and_pixel_destruction" time="6.609" /></testsuite></testsuites>