<?xml version="1.0" encoding="utf-8"?><testsuites name="pytest tests"><testsuite name="pytest" errors="0" failures="0" skipped="0" tests="62" time="51.308" timestamp="2026-09-23T05:40:48.183818+00:00" hostname="agent-env-bce644cb-4b56-4ac2-8dd3-3b10762d3c06"><testcase classname="tests.test_api_e2e" name="test_health" time="0.205" /><testcase classname="tests.test_api_e2e" name="test_profiles" time="0.071" /><testcase classname="tests.test_api_e2e" name="test_full_purge_pipeline[rrhh-rrhh]" time="0.947" /><testcase classname="tests.test_api_e2e" name="test_full_purge_pipeline[legal-legal]" time="1.689" /><testcase classname="tests.test_deskew_pipeline" name="test_straight_page_not_deskewed" time="2.667" /><testcase classname="tests.test_deskew_pipeline" name="test_skewed_plus_2_degrees" time="1.295" /><testcase classname="tests.test_api_e2e" name="test_full_purge_pipeline[soporte-soporte]" time="0.836" /><testcase classname="tests.test_api_e2e" name="test_upload_unsupported_extension" time="0.076" /><testcase classname="tests.test_api_e2e" name="test_unknown_document_matches" time="0.073" /><testcase classname="tests.test_api_e2e" name="test_unknown_fixture" time="0.144" /><testcase classname="tests.test_deskew_pipeline" name="test_skewed_minus_5_degrees" time="1.475" /><testcase classname="tests.test_custom_rules" name="test_custom_rule_creation_and_defaults" time="0.000" /><testcase classname="tests.test_custom_rules" name="test_custom_ruleset_deterministic_hash" time="0.000" /><testcase classname="tests.test_custom_rules" name="test_regex_validator_valid_and_invalid" time="0.001" /><testcase classname="tests.test_custom_rules" name="test_regex_validator_redos_protection" time="0.000" /><testcase classname="tests.test_custom_rules" name="test_regex_pattern_length_limit" time="0.000" /><testcase classname="tests.test_custom_rules" name="test_regex_test_bench_matching" time="0.000" /><testcase classname="tests.test_custom_rules" name="test_custom_rule_detection_integration_and_priority" time="0.009" /><testcase classname="tests.test_custom_rules" name="test_custom_rule_overlapping_with_ner" time="0.003" /><testcase classname="tests.test_deskew_pipeline" name="test_skewed_plus_12_degrees" time="1.420" /><testcase classname="tests.test_batch_pipeline" name="test_batch_single_document_flow" time="1.720" /><testcase classname="tests.test_batch_pipeline" name="test_batch_mixed_pdf_and_docx_with_different_profiles" time="1.070" /><testcase classname="tests.test_batch_pipeline" name="test_batch_partial_failure_and_isolation" time="0.085" /><testcase classname="tests.test_deskew_pipeline" name="test_rotated_90_plus_skew" time="1.376" /><testcase classname="tests.test_batch_pipeline" name="test_batch_cancellation_and_cleanup" time="0.001" /><testcase classname="tests.test_batch_pipeline" name="test_batch_zip_slip_and_path_traversal_protection" time="0.004" /><testcase classname="tests.test_batch_pipeline" name="test_batch_concurrency_limit_enforcement" time="0.000" /><testcase classname="tests.test_deskew_pipeline" name="test_multipage_with_distinct_angles" time="4.145" /><testcase classname="tests.test_lifecycle_retention" name="test_lifecycle_retention_defaults_and_env" time="1.586" /><testcase classname="tests.test_lifecycle_retention" name="test_awaiting_review_protection_and_touch_activity" time="0.010" /><testcase classname="tests.test_lifecycle_retention" name="test_protected_operation_prevents_cleanup" time="0.001" /><testcase classname="tests.test_lifecycle_retention" name="test_manual_batch_deletion_isolation" time="0.001" /><testcase classname="tests.test_lifecycle_retention" name="test_manual_session_deletion_cascading" time="0.001" /><testcase classname="tests.test_lifecycle_retention" name="test_expired_resource_status_code_410" time="0.000" /><testcase classname="tests.test_batch_streaming" name="test_event_bus_monotonic_sequence_and_history" time="1.641" /><testcase classname="tests.test_batch_streaming" name="test_event_bus_isolation_between_batches" time="0.000" /><testcase classname="tests.test_batch_streaming" name="test_event_bus_reconnect_with_last_event_id" time="0.000" /><testcase classname="tests.test_batch_streaming" name="test_event_bus_slow_subscriber_protection" time="0.001" /><testcase classname="tests.test_batch_streaming" name="test_event_bus_strict_zero_pii_in_payloads" time="0.065" /><testcase classname="tests.test_ocr_pipeline" name="test_scanned_pdf_has_no_native_text" time="1.642" /><testcase classname="tests.test_ocr_pipeline" name="test_scanned_pdf_ocr_detection_and_coordinates" time="1.475" /><testcase classname="tests.test_deskew_pipeline" name="test_low_confidence_unskewable_page" time="1.084" /><testcase classname="tests.test_ocr_pipeline" name="test_scanned_pdf_physical_purge_and_ocr_reverification" time="6.755" /><testcase classname="tests.test_deskew_pipeline" name="test_exact_coordinate_forward_and_inverse_mapping" time="0.004" /><testcase classname="tests.test_deskew_pipeline" name="test_deskew_purge_and_post_ocr_reverification" time="3.795" /><testcase classname="tests.test_deskew_pipeline" name="test_entities_near_borders_with_skew" time="4.065" /><testcase classname="tests.test_ocr_pipeline" name="test_rotated_scanned_pdf_ocr_and_purge" time="4.171" /><testcase classname="tests.test_deskew_pipeline" name="test_ocr_quality_comparison_with_and_without_deskew" time="2.643" /><testcase classname="tests.test_redaction_pipeline" name="test_health_and_profiles" time="1.431" /><testcase classname="tests.test_redaction_pipeline" name="test_pdf_extraction_detection_purge_and_verification" time="0.055" /><testcase classname="tests.test_redaction_pipeline" name="test_docx_extraction_detection_purge_and_verification" time="0.064" /><testcase classname="tests.security.test_temp_cleanup" name="test_ephemeral_session_temp_cleanup" time="0.042" /><testcase classname="tests.security.test_temp_cleanup" name="test_expired_sessions_automatic_cleanup" time="0.000" /><testcase classname="tests.test_batch_csv_audit" name="test_csv_formula_injection_defense" time="1.403" /><testcase classname="tests.test_batch_csv_audit" name="test_csv_batch_audit_zero_pii_and_pseudonymization" time="0.066" /><testcase classname="tests.test_batch_csv_audit" name="test_csv_audit_files_in_batch_zip" time="0.066" /><testcase classname="tests.security.test_docx_package_recovery" name="test_docx_deep_ooxml_package_recovery" time="1.544" /><testcase classname="tests.security.test_raster_image_recovery" name="test_raster_image_recovery_and_pixel_destruction" time="6.760" /><testcase classname="tests.security.test_end_to_end_coordinate_accuracy" name="test_adversarial_coordinate_accuracy_and_iou" time="20.206" /><testcase classname="tests.security.test_sensitive_log_leakage" name="test_sensitive_log_and_audit_leakage" time="0.318" /><testcase classname="tests.security.test_verifier_normalization" name="test_verifier_resists_adversarial_formatting_and_normalization_tricks" time="1.597" /><testcase classname="tests.security.test_pdf_adversarial_recovery" name="test_multi_engine_pdf_adversarial_recovery" time="1.482" /></testsuite></testsuites>