<?xml version="1.0" encoding="utf-8"?><testsuites name="pytest tests"><testsuite name="pytest" errors="0" failures="0" skipped="0" tests="76" time="57.794" timestamp="2026-09-23T06:45:23.271404+00:00" hostname="agent-env-bce644cb-4b56-4ac2-8dd3-3b10762d3c06"><testcase classname="tests.test_encrypted_ruleset" name="test_encrypted_export_import_canonical_roundtrip" time="0.231" /><testcase classname="tests.test_encrypted_ruleset" name="test_absence_of_plaintext_in_envelope" time="0.116" /><testcase classname="tests.test_encrypted_ruleset" name="test_different_salt_and_nonce_per_export" time="0.226" /><testcase classname="tests.test_encrypted_ruleset" name="test_wrong_password_auth_failure" time="0.223" /><testcase classname="tests.test_encrypted_ruleset" name="test_tampered_ciphertext_auth_failure" time="0.228" /><testcase classname="tests.test_encrypted_ruleset" name="test_tampered_aad_metadata_auth_failure" time="0.259" /><testcase classname="tests.test_encrypted_ruleset" name="test_anti_dos_kdf_limits_enforced" time="0.115" /><testcase classname="tests.test_encrypted_ruleset" name="test_unicode_and_spaces_in_password" time="0.230" /><testcase classname="tests.test_deskew_pipeline" name="test_straight_page_not_deskewed" time="2.666" /><testcase classname="tests.test_encrypted_ruleset" name="test_immutable_builtin_ruleset_conflict_protection" time="0.230" /><testcase classname="tests.test_api_e2e" name="test_health" time="0.158" /><testcase classname="tests.test_api_e2e" name="test_profiles" time="0.059" /><testcase classname="tests.test_api_e2e" name="test_full_purge_pipeline[rrhh-rrhh]" time="0.801" /><testcase classname="tests.test_deskew_pipeline" name="test_skewed_plus_2_degrees" time="1.644" /><testcase classname="tests.test_api_e2e" name="test_full_purge_pipeline[legal-legal]" time="1.931" /><testcase classname="tests.test_deskew_pipeline" name="test_skewed_minus_5_degrees" time="1.334" /><testcase classname="tests.test_api_e2e" name="test_full_purge_pipeline[soporte-soporte]" time="0.693" /><testcase classname="tests.test_api_e2e" name="test_upload_unsupported_extension" time="0.074" /><testcase classname="tests.test_api_e2e" name="test_unknown_document_matches" time="0.062" /><testcase classname="tests.test_deskew_pipeline" name="test_skewed_plus_12_degrees" time="1.438" /><testcase classname="tests.test_api_e2e" name="test_unknown_fixture" time="0.116" /><testcase classname="tests.test_custom_rules" name="test_custom_rule_creation_and_defaults" time="0.000" /><testcase classname="tests.test_custom_rules" name="test_custom_ruleset_deterministic_hash" time="0.000" /><testcase classname="tests.test_custom_rules" name="test_regex_validator_valid_and_invalid" time="0.000" /><testcase classname="tests.test_custom_rules" name="test_regex_validator_redos_protection" time="0.000" /><testcase classname="tests.test_custom_rules" name="test_regex_pattern_length_limit" time="0.000" /><testcase classname="tests.test_custom_rules" name="test_regex_test_bench_matching" time="0.000" /><testcase classname="tests.test_custom_rules" name="test_custom_rule_detection_integration_and_priority" time="0.009" /><testcase classname="tests.test_custom_rules" name="test_custom_rule_overlapping_with_ner" time="0.004" /><testcase classname="tests.test_deskew_pipeline" name="test_rotated_90_plus_skew" time="1.366" /><testcase classname="tests.test_batch_pipeline" name="test_batch_single_document_flow" time="1.717" /><testcase classname="tests.test_batch_pipeline" name="test_batch_mixed_pdf_and_docx_with_different_profiles" time="1.073" /><testcase classname="tests.test_deskew_pipeline" name="test_multipage_with_distinct_angles" time="4.108" /><testcase classname="tests.test_batch_pipeline" name="test_batch_partial_failure_and_isolation" time="0.080" /><testcase classname="tests.test_batch_pipeline" name="test_batch_cancellation_and_cleanup" time="0.001" /><testcase classname="tests.test_batch_pipeline" name="test_batch_zip_slip_and_path_traversal_protection" time="0.005" /><testcase classname="tests.test_batch_pipeline" name="test_batch_concurrency_limit_enforcement" time="0.000" /><testcase classname="tests.test_lifecycle_retention" name="test_lifecycle_retention_defaults_and_env" time="1.638" /><testcase classname="tests.test_lifecycle_retention" name="test_awaiting_review_protection_and_touch_activity" time="0.011" /><testcase classname="tests.test_lifecycle_retention" name="test_protected_operation_prevents_cleanup" time="0.001" /><testcase classname="tests.test_lifecycle_retention" name="test_manual_batch_deletion_isolation" time="0.001" /><testcase classname="tests.test_lifecycle_retention" name="test_manual_session_deletion_cascading" time="0.001" /><testcase classname="tests.test_lifecycle_retention" name="test_expired_resource_status_code_410" time="0.000" /><testcase classname="tests.test_batch_streaming" name="test_event_bus_monotonic_sequence_and_history" time="1.629" /><testcase classname="tests.test_batch_streaming" name="test_event_bus_isolation_between_batches" time="0.000" /><testcase classname="tests.test_batch_streaming" name="test_event_bus_reconnect_with_last_event_id" time="0.000" /><testcase classname="tests.test_batch_streaming" name="test_event_bus_slow_subscriber_protection" time="0.001" /><testcase classname="tests.test_batch_streaming" name="test_event_bus_strict_zero_pii_in_payloads" time="0.067" /><testcase classname="tests.test_encrypted_ruleset_http" name="test_export_envelope_schema_and_zero_pii" time="0.281" /><testcase classname="tests.test_encrypted_ruleset_http" name="test_preview_correct_password" time="0.608" /><testcase classname="tests.test_deskew_pipeline" name="test_low_confidence_unskewable_page" time="0.871" /><testcase classname="tests.test_encrypted_ruleset_http" name="test_preview_wrong_password_401" time="0.472" /><testcase classname="tests.test_encrypted_ruleset_http" name="test_preview_tampered_ciphertext_401" time="0.495" /><testcase classname="tests.test_deskew_pipeline" name="test_exact_coordinate_forward_and_inverse_mapping" time="0.004" /><testcase classname="tests.test_deskew_pipeline" name="test_deskew_purge_and_post_ocr_reverification" time="3.621" /><testcase classname="tests.test_encrypted_ruleset_http" name="test_preview_tampered_aad_metadata_401" time="0.514" /><testcase classname="tests.test_ocr_pipeline" name="test_scanned_pdf_has_no_native_text" time="1.596" /><testcase classname="tests.test_ocr_pipeline" name="test_scanned_pdf_ocr_detection_and_coordinates" time="1.359" /><testcase classname="tests.test_deskew_pipeline" name="test_entities_near_borders_with_skew" time="4.246" /><testcase classname="tests.test_ocr_pipeline" name="test_scanned_pdf_physical_purge_and_ocr_reverification" time="7.006" /><testcase classname="tests.test_deskew_pipeline" name="test_ocr_quality_comparison_with_and_without_deskew" time="2.564" /><testcase classname="tests.test_ocr_pipeline" name="test_rotated_scanned_pdf_ocr_and_purge" time="3.905" /><testcase classname="tests.test_batch_csv_audit" name="test_csv_formula_injection_defense" time="1.431" /><testcase classname="tests.test_batch_csv_audit" name="test_csv_batch_audit_zero_pii_and_pseudonymization" time="0.124" /><testcase classname="tests.test_batch_csv_audit" name="test_csv_audit_files_in_batch_zip" time="0.128" /><testcase classname="tests.security.test_temp_cleanup" name="test_ephemeral_session_temp_cleanup" time="0.084" /><testcase classname="tests.security.test_temp_cleanup" name="test_expired_sessions_automatic_cleanup" time="0.001" /><testcase classname="tests.security.test_docx_package_recovery" name="test_docx_deep_ooxml_package_recovery" time="1.604" /><testcase classname="tests.security.test_end_to_end_coordinate_accuracy" name="test_adversarial_coordinate_accuracy_and_iou" time="20.197" /><testcase classname="tests.test_redaction_pipeline" name="test_health_and_profiles" time="1.433" /><testcase classname="tests.test_redaction_pipeline" name="test_pdf_extraction_detection_purge_and_verification" time="0.063" /><testcase classname="tests.test_redaction_pipeline" name="test_docx_extraction_detection_purge_and_verification" time="0.112" /><testcase classname="tests.security.test_sensitive_log_leakage" name="test_sensitive_log_and_audit_leakage" time="0.328" /><testcase classname="tests.security.test_verifier_normalization" name="test_verifier_resists_adversarial_formatting_and_normalization_tricks" time="1.459" /><testcase classname="tests.security.test_pdf_adversarial_recovery" name="test_multi_engine_pdf_adversarial_recovery" time="1.559" /><testcase classname="tests.security.test_raster_image_recovery" name="test_raster_image_recovery_and_pixel_destruction" time="6.557" /></testsuite></testsuites>