<?xml version="1.0" encoding="utf-8"?><testsuites name="pytest tests"><testsuite name="pytest" errors="0" failures="0" skipped="0" tests="8" time="9.349" timestamp="2026-09-22T13:52:34.284595+00:00" hostname="agent-env-bce644cb-4b56-4ac2-8dd3-3b10762d3c06"><testcase classname="tests.test_api_e2e" name="test_health" time="0.347" /><testcase classname="tests.test_api_e2e" name="test_profiles" time="2.821" /><testcase classname="tests.test_api_e2e" name="test_full_purge_pipeline[rrhh-rrhh]" time="1.361" /><testcase classname="tests.test_api_e2e" name="test_full_purge_pipeline[legal-legal]" time="3.369" /><testcase classname="tests.test_api_e2e" name="test_full_purge_pipeline[soporte-soporte]" time="1.018" /><testcase classname="tests.test_api_e2e" name="test_upload_unsupported_extension" time="0.076" /><testcase classname="tests.test_api_e2e" name="test_unknown_document_matches" time="0.078" /><testcase classname="tests.test_api_e2e" name="test_unknown_fixture" time="0.161" /></testsuite></testsuites>